0 info it worked if it ends with ok
1 verbose cli [ 'C:\\Program Files\\nodejs\\\\node.exe',
1 verbose cli   'C:\\Program Files\\nodejs\\node_modules\\npm\\bin\\npm-cli.js',
1 verbose cli   'install',
1 verbose cli   '-g',
1 verbose cli   'grunt-google-cdnimagemin-jpegtran' ]
2 info using npm@1.4.28
3 info using node@v0.10.33
4 verbose node symlink C:\Program Files\nodejs\\node.exe
5 verbose cache add [ 'grunt-google-cdnimagemin-jpegtran', null ]
6 verbose cache add name=undefined spec="grunt-google-cdnimagemin-jpegtran" args=["grunt-google-cdnimagemin-jpegtran",null]
7 verbose parsed url { protocol: null,
7 verbose parsed url   slashes: null,
7 verbose parsed url   auth: null,
7 verbose parsed url   host: null,
7 verbose parsed url   port: null,
7 verbose parsed url   hostname: null,
7 verbose parsed url   hash: null,
7 verbose parsed url   search: null,
7 verbose parsed url   query: null,
7 verbose parsed url   pathname: 'grunt-google-cdnimagemin-jpegtran',
7 verbose parsed url   path: 'grunt-google-cdnimagemin-jpegtran',
7 verbose parsed url   href: 'grunt-google-cdnimagemin-jpegtran' }
8 silly lockFile 08be91e3-runt-google-cdnimagemin-jpegtran grunt-google-cdnimagemin-jpegtran
9 verbose lock grunt-google-cdnimagemin-jpegtran C:\Users\marco\AppData\Roaming\npm-cache\08be91e3-runt-google-cdnimagemin-jpegtran.lock
10 silly lockFile 08be91e3-runt-google-cdnimagemin-jpegtran grunt-google-cdnimagemin-jpegtran
11 silly lockFile 08be91e3-runt-google-cdnimagemin-jpegtran grunt-google-cdnimagemin-jpegtran
12 verbose addNamed [ 'grunt-google-cdnimagemin-jpegtran', '' ]
13 verbose addNamed [ null, '*' ]
14 silly lockFile 0e1fe2e5-runt-google-cdnimagemin-jpegtran grunt-google-cdnimagemin-jpegtran@
15 verbose lock grunt-google-cdnimagemin-jpegtran@ C:\Users\marco\AppData\Roaming\npm-cache\0e1fe2e5-runt-google-cdnimagemin-jpegtran.lock
16 silly addNameRange { name: 'grunt-google-cdnimagemin-jpegtran',
16 silly addNameRange   range: '*',
16 silly addNameRange   hasData: false }
17 verbose request where is /grunt-google-cdnimagemin-jpegtran
18 verbose request registry https://registry.npmjs.org/
19 verbose request id 49203bcac472c195
20 verbose url raw /grunt-google-cdnimagemin-jpegtran
21 verbose url resolving [ 'https://registry.npmjs.org/',
21 verbose url resolving   './grunt-google-cdnimagemin-jpegtran' ]
22 verbose url resolved https://registry.npmjs.org/grunt-google-cdnimagemin-jpegtran
23 verbose request where is https://registry.npmjs.org/grunt-google-cdnimagemin-jpegtran
24 info trying registry request attempt 1 at 23:25:06
25 http GET https://registry.npmjs.org/grunt-google-cdnimagemin-jpegtran
26 http 404 https://registry.npmjs.org/grunt-google-cdnimagemin-jpegtran
27 verbose headers { date: 'Thu, 08 Jan 2015 22:25:14 GMT',
27 verbose headers   server: 'CouchDB/1.5.0 (Erlang OTP/R16B03)',
27 verbose headers   'content-type': 'application/json',
27 verbose headers   'cache-control': 'max-age=0',
27 verbose headers   'content-length': '52',
27 verbose headers   'accept-ranges': 'bytes',
27 verbose headers   via: '1.1 varnish',
27 verbose headers   age: '0',
27 verbose headers   'x-served-by': 'cache-ams4127-AMS',
27 verbose headers   'x-cache': 'MISS',
27 verbose headers   'x-cache-hits': '0',
27 verbose headers   'x-timer': 'S1420755913.691161,VS0,VE381',
27 verbose headers   'keep-alive': 'timeout=10, max=50',
27 verbose headers   connection: 'Keep-Alive' }
28 silly registry.get cb [ 404,
28 silly registry.get   { date: 'Thu, 08 Jan 2015 22:25:14 GMT',
28 silly registry.get     server: 'CouchDB/1.5.0 (Erlang OTP/R16B03)',
28 silly registry.get     'content-type': 'application/json',
28 silly registry.get     'cache-control': 'max-age=0',
28 silly registry.get     'content-length': '52',
28 silly registry.get     'accept-ranges': 'bytes',
28 silly registry.get     via: '1.1 varnish',
28 silly registry.get     age: '0',
28 silly registry.get     'x-served-by': 'cache-ams4127-AMS',
28 silly registry.get     'x-cache': 'MISS',
28 silly registry.get     'x-cache-hits': '0',
28 silly registry.get     'x-timer': 'S1420755913.691161,VS0,VE381',
28 silly registry.get     'keep-alive': 'timeout=10, max=50',
28 silly registry.get     connection: 'Keep-Alive' } ]
29 silly lockFile 0e1fe2e5-runt-google-cdnimagemin-jpegtran grunt-google-cdnimagemin-jpegtran@
30 silly lockFile 0e1fe2e5-runt-google-cdnimagemin-jpegtran grunt-google-cdnimagemin-jpegtran@
31 error 404 404 Not Found: grunt-google-cdnimagemin-jpegtran
31 error 404
31 error 404 'grunt-google-cdnimagemin-jpegtran' is not in the npm registry.
31 error 404 You should bug the author to publish it
31 error 404
31 error 404 Note that you can also install from a
31 error 404 tarball, folder, or http url, or git url.
32 error System Windows_NT 6.1.7601
33 error command "C:\\Program Files\\nodejs\\\\node.exe" "C:\\Program Files\\nodejs\\node_modules\\npm\\bin\\npm-cli.js" "install" "-g" "grunt-google-cdnimagemin-jpegtran"
34 error cwd E:\HTML5\temp\RestFE_v2
35 error node -v v0.10.33
36 error npm -v 1.4.28
37 error code E404
38 verbose exit [ 1, true ]
